Using pre-set license
Built from '2021.3/staging' branch; Version is '2021.3.45f1 (0da89fac8e79) revision 895135'; Using compiler version '192829333'; Build Type 'Release'
OS: 'Windows 11  (10.0.26100) 64bit Professional' Language: 'en' Physical Memory: 8050 MB
BatchMode: 1, IsHumanControllingUs: 0, StartBugReporterOnCrash: 0, Is64bit: 1, IsPro: 1

COMMAND LINE ARGUMENTS:
C:\Program Files\Unity\Hub\Editor\2021.3.45f1\Editor\Unity.exe
-adb2
-batchMode
-noUpm
-name
AssetImportWorker0
-projectPath
C:/Users/Dell/ARFlashcards_Vuforia
-logFile
Logs/AssetImportWorker0.log
-srvPort
57650
Successfully changed project path to: C:/Users/Dell/ARFlashcards_Vuforia
C:/Users/Dell/ARFlashcards_Vuforia
[UnityMemory] Configuration Parameters - Can be set up in boot.config
    "memorysetup-bucket-allocator-granularity=16"
    "memorysetup-bucket-allocator-bucket-count=8"
    "memorysetup-bucket-allocator-block-size=33554432"
    "memorysetup-bucket-allocator-block-count=8"
    "memorysetup-main-allocator-block-size=16777216"
    "memorysetup-thread-allocator-block-size=16777216"
    "memorysetup-gfx-main-allocator-block-size=16777216"
    "memorysetup-gfx-thread-allocator-block-size=16777216"
    "memorysetup-cache-allocator-block-size=4194304"
    "memorysetup-typetree-allocator-block-size=2097152"
    "memorysetup-profiler-bucket-allocator-granularity=16"
    "memorysetup-profiler-bucket-allocator-bucket-count=8"
    "memorysetup-profiler-bucket-allocator-block-size=33554432"
    "memorysetup-profiler-bucket-allocator-block-count=8"
    "memorysetup-profiler-allocator-block-size=16777216"
    "memorysetup-profiler-editor-allocator-block-size=1048576"
    "memorysetup-temp-allocator-size-main=16777216"
    "memorysetup-job-temp-allocator-block-size=2097152"
    "memorysetup-job-temp-allocator-block-size-background=1048576"
    "memorysetup-job-temp-allocator-reduction-small-platforms=262144"
    "memorysetup-temp-allocator-size-background-worker=32768"
    "memorysetup-temp-allocator-size-job-worker=262144"
    "memorysetup-temp-allocator-size-preload-manager=33554432"
    "memorysetup-temp-allocator-size-nav-mesh-worker=65536"
    "memorysetup-temp-allocator-size-audio-worker=65536"
    "memorysetup-temp-allocator-size-cloud-worker=32768"
    "memorysetup-temp-allocator-size-gi-baking-worker=262144"
    "memorysetup-temp-allocator-size-gfx=262144"
Player connection [4848] Host "[IP] 172.28.224.1 [Port] 0 [Flags] 2 [Guid] 238197681 [EditorId] 238197681 [Version] 1048832 [Id] WindowsEditor(7,DELLxSHARMAJI) [Debug] 1 [PackageName] WindowsEditor [ProjectName] Editor" joined multi-casting on [225.0.0.222:54997]...

Player connection [4848] Host "[IP] 172.28.224.1 [Port] 0 [Flags] 2 [Guid] 238197681 [EditorId] 238197681 [Version] 1048832 [Id] WindowsEditor(7,DELLxSHARMAJI) [Debug] 1 [PackageName] WindowsEditor [ProjectName] Editor" joined alternative multi-casting on [225.0.0.222:34997]...

[Physics::Module] Initialized MultithreadedJobDispatcher with {0} workers.
Refreshing native plugins compatible for Editor in 159.22 ms, found 6 plugins.
Preloading 2 native plugins for Editor in 7.57 ms.
Initialize engine version: 2021.3.45f1 (0da89fac8e79)
[Subsystems] Discovering subsystems at path C:/Program Files/Unity/Hub/Editor/2021.3.45f1/Editor/Data/Resources/UnitySubsystems
[Subsystems] Discovering subsystems at path C:/Users/Dell/ARFlashcards_Vuforia/Assets
GfxDevice: creating device client; threaded=0; jobified=0
Direct3D:
    Version:  Direct3D 11.0 [level 11.1]
    Renderer: Intel(R) UHD Graphics 620 (ID=0x5917)
    Vendor:   Intel
    VRAM:     4025 MB
    Driver:   31.0.101.2134
Initialize mono
Mono path[0] = 'C:/Program Files/Unity/Hub/Editor/2021.3.45f1/Editor/Data/Managed'
Mono path[1] = 'C:/Program Files/Unity/Hub/Editor/2021.3.45f1/Editor/Data/MonoBleedingEdge/lib/mono/unityjit-win32'
Mono config path = 'C:/Program Files/Unity/Hub/Editor/2021.3.45f1/Editor/Data/MonoBleedingEdge/etc'
Using monoOptions --debugger-agent=transport=dt_socket,embedding=1,server=y,suspend=n,address=127.0.0.1:56052
Begin MonoManager ReloadAssembly
Registering precompiled unity dll's ...
Register platform support module: C:/Program Files/Unity/Hub/Editor/2021.3.45f1/Editor/Data/PlaybackEngines/AndroidPlayer/UnityEditor.Android.Extensions.dll
Register platform support module: C:/Program Files/Unity/Hub/Editor/2021.3.45f1/Editor/Data/PlaybackEngines/iOSSupport/UnityEditor.iOS.Extensions.dll
Register platform support module: C:/Program Files/Unity/Hub/Editor/2021.3.45f1/Editor/Data/PlaybackEngines/WindowsStandaloneSupport/UnityEditor.WindowsStandalone.Extensions.dll
Registered in 0.019526 seconds.
Native extension for WindowsStandalone target not found
[usbmuxd] Start listen thread
[usbmuxd] Listen thread started
Native extension for iOS target not found
Native extension for Android target not found
Android Extension - Scanning For ADB Devices 778 ms
Refreshing native plugins compatible for Editor in 194.69 ms, found 6 plugins.
Preloading 2 native plugins for Editor in 0.66 ms.
Mono: successfully reloaded assembly
- Completed reload, in  2.943 seconds
Domain Reload Profiling:
	ReloadAssembly (2945ms)
		BeginReloadAssembly (322ms)
			ExecutionOrderSort (0ms)
			DisableScriptedObjects (0ms)
			BackupInstance (0ms)
			ReleaseScriptingObjects (0ms)
			CreateAndSetChildDomain (2ms)
		EndReloadAssembly (2296ms)
			LoadAssemblies (315ms)
			RebuildTransferFunctionScriptingTraits (0ms)
			SetupTypeCache (376ms)
			ReleaseScriptCaches (0ms)
			RebuildScriptCaches (98ms)
			SetupLoadedEditorAssemblies (1694ms)
				LogAssemblyErrors (0ms)
				InitializePlatformSupportModulesInManaged (1030ms)
				SetLoadedEditorAssemblies (1ms)
				RefreshPlugins (196ms)
				BeforeProcessingInitializeOnLoad (4ms)
				ProcessInitializeOnLoadAttributes (318ms)
				ProcessInitializeOnLoadMethodAttributes (145ms)
				AfterProcessingInitializeOnLoad (0ms)
				EditorAssembliesLoaded (0ms)
			ExecutionOrderSort2 (0ms)
			AwakeInstancesAfterBackupRestoration (0ms)
Platform modules already initialized, skipping
Registering precompiled user dll's ...
Registered in 0.041659 seconds.
Begin MonoManager ReloadAssembly
Symbol file LoadedFromMemory is not a mono symbol file
Native extension for WindowsStandalone target not found
Native extension for iOS target not found
Native extension for Android target not found
Refreshing native plugins compatible for Editor in 172.88 ms, found 6 plugins.
Preloading 2 native plugins for Editor in 0.41 ms.
Package Manager log level set to [2]
[Package Manager] Server::EnsureServerProcessIsRunning -- launch failed, reason: Unity was launched with the -noUpm command-line argument
[Package Manager] Cannot connect to Unity Package Manager local server
Mono: successfully reloaded assembly
- Completed reload, in  5.601 seconds
Domain Reload Profiling:
	ReloadAssembly (5603ms)
		BeginReloadAssembly (464ms)
			ExecutionOrderSort (0ms)
			DisableScriptedObjects (19ms)
			BackupInstance (0ms)
			ReleaseScriptingObjects (0ms)
			CreateAndSetChildDomain (56ms)
		EndReloadAssembly (4532ms)
			LoadAssemblies (548ms)
			RebuildTransferFunctionScriptingTraits (0ms)
			SetupTypeCache (1529ms)
			ReleaseScriptCaches (2ms)
			RebuildScriptCaches (299ms)
			SetupLoadedEditorAssemblies (2085ms)
				LogAssemblyErrors (0ms)
				InitializePlatformSupportModulesInManaged (79ms)
				SetLoadedEditorAssemblies (1ms)
				RefreshPlugins (173ms)
				BeforeProcessingInitializeOnLoad (205ms)
				ProcessInitializeOnLoadAttributes (1534ms)
				ProcessInitializeOnLoadMethodAttributes (76ms)
				AfterProcessingInitializeOnLoad (17ms)
				EditorAssembliesLoaded (0ms)
			ExecutionOrderSort2 (0ms)
			AwakeInstancesAfterBackupRestoration (15ms)
Platform modules already initialized, skipping
========================================================================
Worker process is ready to serve import requests
Launched and connected shader compiler UnityShaderCompiler.exe after 0.08 seconds
Refreshing native plugins compatible for Editor in 1.05 ms, found 6 plugins.
Preloading 2 native plugins for Editor in 0.28 ms.
Unloading 3796 Unused Serialized files (Serialized files now loaded: 0)
Unloading 54 unused Assets / (81.2 KB). Loaded Objects now: 4569.
Memory consumption went from 141.3 MB to 141.3 MB.
Total: 5.208400 ms (FindLiveObjects: 0.426200 ms CreateObjectMapping: 0.355000 ms MarkObjects: 4.260700 ms  DeleteObjects: 0.165100 ms)

AssetImportParameters requested are different than current active one (requested -> active):
  custom:video-decoder-ogg-theora: a1e56fd34408186e4bbccfd4996cb3dc -> 
  custom:container-muxer-webm: aa71ff27fc2769a1b78a27578f13a17b -> 
  custom:container-demuxer-webm: 4f35f7cbe854078d1ac9338744f61a02 -> 
  custom:video-encoder-webm-vp8: eb34c28f22e8b96e1ab97ce403110664 -> 
  custom:CustomObjectIndexerAttribute: bc11b3a6c3213fcdd17b65e7da85e133 -> 
  custom:audio-encoder-webm-vorbis: bf7c407c2cedff20999df2af8eb42d56 -> 
  custom:framework-win-MediaFoundation: 216162199b28c13a410421893ffa2e32 -> 
  custom:SearchIndexIgnoredProperties: e643bd26f0fe6173181afceb89e7c659 -> 
  custom:container-demuxer-ogg: 62fdf1f143b41e24485cea50d1cbac27 -> 
  custom:video-decoder-webm-vp8: 9c59270c3fd7afecdb556c50c9e8de78 -> 
  custom:audio-decoder-ogg-vorbis: bf7c407c2cedff20999df2af8eb42d56 -> 
========================================================================
Received Import Request.
  Time since last request: 441512.877000 seconds.
  path: Assets/EarthMat.mat
  artifactKey: Guid(6d6f3a28178f9bf4fb20c9aada2d9af2) Importer(815301076,1909f56bfc062723c751e8b465ee728b)
Number of updated assets reloaded before import = 0
Start importing Assets/EarthMat.mat using Guid(6d6f3a28178f9bf4fb20c9aada2d9af2) Importer(815301076,1909f56bfc062723c751e8b465ee728b)  -> (artifact id: 'd023e3b712697577bfe29384d2da7def') in 0.659278 seconds 
Number of asset objects unloaded after import = 2
========================================================================
Received Import Request.
  Time since last request: 45.463335 seconds.
  path: Assets/EarthRendering Free/EarthAtmosphere.mat
  artifactKey: Guid(2bff8c6781b44bf41b50e0a0138060a5) Importer(815301076,1909f56bfc062723c751e8b465ee728b)
Number of updated assets reloaded before import = 0
Start importing Assets/EarthRendering Free/EarthAtmosphere.mat using Guid(2bff8c6781b44bf41b50e0a0138060a5) Importer(815301076,1909f56bfc062723c751e8b465ee728b)  -> (artifact id: 'e71b4e729bc5367a29b9f65e1dd19486') in 0.034016 seconds 
Number of asset objects unloaded after import = 1
========================================================================
Received Import Request.
  Time since last request: 0.000071 seconds.
  path: Assets/EarthRendering Free/Sphere128.FBX
  artifactKey: Guid(1cc11ffbe578fa547b800e780e45b9c1) Importer(815301076,1909f56bfc062723c751e8b465ee728b)
Number of updated assets reloaded before import = 0
Start importing Assets/EarthRendering Free/Sphere128.FBX using Guid(1cc11ffbe578fa547b800e780e45b9c1) Importer(815301076,1909f56bfc062723c751e8b465ee728b)  -> (artifact id: 'ba0b1b46b28e5108eb88c47474850137') in 0.425649 seconds 
Number of asset objects unloaded after import = 7
========================================================================
Received Import Request.
  Time since last request: 0.000057 seconds.
  path: Assets/EarthRendering Free/GalaxyLf.png
  artifactKey: Guid(e6b46ac6904df754db186b02cfbe5cb0) Importer(815301076,1909f56bfc062723c751e8b465ee728b)
Number of updated assets reloaded before import = 0
Start importing Assets/EarthRendering Free/GalaxyLf.png using Guid(e6b46ac6904df754db186b02cfbe5cb0) Importer(815301076,1909f56bfc062723c751e8b465ee728b)  -> (artifact id: 'fe8a345d0ec6631b3e47b9f4e763b654') in 0.085899 seconds 
Number of asset objects unloaded after import = 2
========================================================================
Received Import Request.
  Time since last request: 0.000163 seconds.
  path: Assets/EarthRendering Free/GalaxyUp.png
  artifactKey: Guid(fa25bb3f105f37d4e910f097214dddeb) Importer(815301076,1909f56bfc062723c751e8b465ee728b)
Number of updated assets reloaded before import = 0
Start importing Assets/EarthRendering Free/GalaxyUp.png using Guid(fa25bb3f105f37d4e910f097214dddeb) Importer(815301076,1909f56bfc062723c751e8b465ee728b)  -> (artifact id: '8d87a28de652cb7099fccffc63af7437') in 0.037119 seconds 
Number of asset objects unloaded after import = 2
========================================================================
Received Import Request.
  Time since last request: 0.000045 seconds.
  path: Assets/EarthRendering Free/GalaxyDn.png
  artifactKey: Guid(fdf31b6f6ab8adc4daf82b9c54fc7b7f) Importer(815301076,1909f56bfc062723c751e8b465ee728b)
Number of updated assets reloaded before import = 0
Start importing Assets/EarthRendering Free/GalaxyDn.png using Guid(fdf31b6f6ab8adc4daf82b9c54fc7b7f) Importer(815301076,1909f56bfc062723c751e8b465ee728b)  -> (artifact id: 'c2f25b143eaa97ae4214bf40291657d4') in 0.039774 seconds 
Number of asset objects unloaded after import = 2
========================================================================
Received Import Request.
  Time since last request: 0.000037 seconds.
  path: Assets/EarthRendering Free/GalaxyRt.png
  artifactKey: Guid(c65e56d00ec8dba4ab1bc98d84281fea) Importer(815301076,1909f56bfc062723c751e8b465ee728b)
Number of updated assets reloaded before import = 0
Start importing Assets/EarthRendering Free/GalaxyRt.png using Guid(c65e56d00ec8dba4ab1bc98d84281fea) Importer(815301076,1909f56bfc062723c751e8b465ee728b)  -> (artifact id: '4fe5e1355d42cfa9b68254534b804522') in 0.037878 seconds 
Number of asset objects unloaded after import = 2
========================================================================
Received Import Request.
  Time since last request: 17.075181 seconds.
  path: Assets/Sport Car - 3D model/Materials
  artifactKey: Guid(6a534b99236bafc4e89d90888a04cf62) Importer(815301076,1909f56bfc062723c751e8b465ee728b)
Number of updated assets reloaded before import = 0
Start importing Assets/Sport Car - 3D model/Materials using Guid(6a534b99236bafc4e89d90888a04cf62) Importer(815301076,1909f56bfc062723c751e8b465ee728b)  -> (artifact id: '7ba8b4e0844bb091d29fd497fa70efd4') in 0.020927 seconds 
Number of asset objects unloaded after import = 0
========================================================================
Received Import Request.
  Time since last request: 0.025364 seconds.
  path: Assets/Sport Car - 3D model/Materials/Color.mat
  artifactKey: Guid(aa36da9c6fc253a4881ea53707a543da) Importer(815301076,1909f56bfc062723c751e8b465ee728b)
Number of updated assets reloaded before import = 0
Start importing Assets/Sport Car - 3D model/Materials/Color.mat using Guid(aa36da9c6fc253a4881ea53707a543da) Importer(815301076,1909f56bfc062723c751e8b465ee728b)  -> (artifact id: '6b8506be904e2968becd464e74cfacb8') in 0.045844 seconds 
Number of asset objects unloaded after import = 1
========================================================================
Received Import Request.
  Time since last request: 0.000039 seconds.
  path: Assets/Sport Car - 3D model/Materials/LicensePlate.mat
  artifactKey: Guid(078475740c4d20041b941448ab7ae4d2) Importer(815301076,1909f56bfc062723c751e8b465ee728b)
Number of updated assets reloaded before import = 0
Start importing Assets/Sport Car - 3D model/Materials/LicensePlate.mat using Guid(078475740c4d20041b941448ab7ae4d2) Importer(815301076,1909f56bfc062723c751e8b465ee728b)  -> (artifact id: '953e4807fecfe16616382a386dbc9fa6') in 0.049938 seconds 
Number of asset objects unloaded after import = 2
========================================================================
Received Import Request.
  Time since last request: 0.000108 seconds.
  path: Assets/Sport Car - 3D model/Materials/Glass2.mat
  artifactKey: Guid(2bbe2230876d7fc40911816305867c00) Importer(815301076,1909f56bfc062723c751e8b465ee728b)
Number of updated assets reloaded before import = 0
Start importing Assets/Sport Car - 3D model/Materials/Glass2.mat using Guid(2bbe2230876d7fc40911816305867c00) Importer(815301076,1909f56bfc062723c751e8b465ee728b)  -> (artifact id: '5d9a8e9c57d92dd08a1aa98f1616b0a6') in 0.756156 seconds 
Number of asset objects unloaded after import = 1
========================================================================
Received Import Request.
  Time since last request: 0.000072 seconds.
  path: Assets/Sport Car - 3D model/Materials/Parts.mat
  artifactKey: Guid(9c5d686dc1065fa4fb07bb91a28baa25) Importer(815301076,1909f56bfc062723c751e8b465ee728b)
Number of updated assets reloaded before import = 0
Start importing Assets/Sport Car - 3D model/Materials/Parts.mat using Guid(9c5d686dc1065fa4fb07bb91a28baa25) Importer(815301076,1909f56bfc062723c751e8b465ee728b)  -> (artifact id: 'cbdc6bd217a7e2ff849013e3aa09faba') in 0.049025 seconds 
Number of asset objects unloaded after import = 2
========================================================================
Received Import Request.
  Time since last request: 5.422600 seconds.
  path: Assets/Sport Car - 3D model/Flares/BrakeFlare.flare
  artifactKey: Guid(b670c00bd68be014cb5779cb1aa13b4c) Importer(815301076,1909f56bfc062723c751e8b465ee728b)
Number of updated assets reloaded before import = 0
Start importing Assets/Sport Car - 3D model/Flares/BrakeFlare.flare using Guid(b670c00bd68be014cb5779cb1aa13b4c) Importer(815301076,1909f56bfc062723c751e8b465ee728b)  -> (artifact id: '16ee6350d5e340fc493a0b4e64683758') in 0.032104 seconds 
Number of asset objects unloaded after import = 1
========================================================================
Received Import Request.
  Time since last request: 0.000045 seconds.
  path: Assets/Sport Car - 3D model/Flares/TailFlare.flare
  artifactKey: Guid(d45117cf39f910b40b9b912440e5f10c) Importer(815301076,1909f56bfc062723c751e8b465ee728b)
Number of updated assets reloaded before import = 0
Start importing Assets/Sport Car - 3D model/Flares/TailFlare.flare using Guid(d45117cf39f910b40b9b912440e5f10c) Importer(815301076,1909f56bfc062723c751e8b465ee728b)  -> (artifact id: 'ea456b000f7588ef10ff2ced82c08d69') in 0.022982 seconds 
Number of asset objects unloaded after import = 1
========================================================================
Received Import Request.
  Time since last request: 2.209053 seconds.
  path: Assets/Sport Car - 3D model/Flares/Textures
  artifactKey: Guid(fe05979ca9d5f714f968f2455235fa22) Importer(815301076,1909f56bfc062723c751e8b465ee728b)
Number of updated assets reloaded before import = 0
Start importing Assets/Sport Car - 3D model/Flares/Textures using Guid(fe05979ca9d5f714f968f2455235fa22) Importer(815301076,1909f56bfc062723c751e8b465ee728b)  -> (artifact id: '18f2f8bc3e2ebd6141f4b6d5f0e26ee8') in 0.026690 seconds 
Number of asset objects unloaded after import = 0
========================================================================
Received Import Request.
  Time since last request: 0.033799 seconds.
  path: Assets/Sport Car - 3D model/Flares/Textures/BrakeFlare.png
  artifactKey: Guid(279ed92b79d278e47b75f6106ba9478d) Importer(815301076,1909f56bfc062723c751e8b465ee728b)
Number of updated assets reloaded before import = 0
Start importing Assets/Sport Car - 3D model/Flares/Textures/BrakeFlare.png using Guid(279ed92b79d278e47b75f6106ba9478d) Importer(815301076,1909f56bfc062723c751e8b465ee728b)  -> (artifact id: 'b0c370fbcf657e8a1956836f717f9cb3') in 0.036655 seconds 
Number of asset objects unloaded after import = 2
========================================================================
Received Import Request.
  Time since last request: 0.000085 seconds.
  path: Assets/Sport Car - 3D model/Flares/Textures/TailFlare.png
  artifactKey: Guid(fc37229fa34ba1c4b85f50dd3f01ae4d) Importer(815301076,1909f56bfc062723c751e8b465ee728b)
Number of updated assets reloaded before import = 0
Start importing Assets/Sport Car - 3D model/Flares/Textures/TailFlare.png using Guid(fc37229fa34ba1c4b85f50dd3f01ae4d) Importer(815301076,1909f56bfc062723c751e8b465ee728b)  -> (artifact id: '536f2685a30e9c89ae5197be3ab739cb') in 0.033710 seconds 
Number of asset objects unloaded after import = 2
========================================================================
Received Prepare
Refreshing native plugins compatible for Editor in 21.00 ms, found 6 plugins.
Preloading 2 native plugins for Editor in 0.37 ms.
Unloading 45 Unused Serialized files (Serialized files now loaded: 0)
Unloading 45 unused Assets / (54.5 KB). Loaded Objects now: 4619.
Memory consumption went from 67.3 MB to 67.3 MB.
Total: 11.458200 ms (FindLiveObjects: 1.447000 ms CreateObjectMapping: 0.493300 ms MarkObjects: 9.297200 ms  DeleteObjects: 0.217600 ms)

AssetImportParameters requested are different than current active one (requested -> active):
  custom:video-decoder-ogg-theora: a1e56fd34408186e4bbccfd4996cb3dc -> 
  custom:container-muxer-webm: aa71ff27fc2769a1b78a27578f13a17b -> 
  custom:container-demuxer-webm: 4f35f7cbe854078d1ac9338744f61a02 -> 
  custom:video-encoder-webm-vp8: eb34c28f22e8b96e1ab97ce403110664 -> 
  custom:CustomObjectIndexerAttribute: bc11b3a6c3213fcdd17b65e7da85e133 -> 
  custom:audio-encoder-webm-vorbis: bf7c407c2cedff20999df2af8eb42d56 -> 
  custom:framework-win-MediaFoundation: 216162199b28c13a410421893ffa2e32 -> 
  custom:SearchIndexIgnoredProperties: e643bd26f0fe6173181afceb89e7c659 -> 
  custom:container-demuxer-ogg: 62fdf1f143b41e24485cea50d1cbac27 -> 
  custom:video-decoder-webm-vp8: 9c59270c3fd7afecdb556c50c9e8de78 -> 
  custom:audio-decoder-ogg-vorbis: bf7c407c2cedff20999df2af8eb42d56 -> 
========================================================================
Received Prepare
Refreshing native plugins compatible for Editor in 22.92 ms, found 6 plugins.
Preloading 2 native plugins for Editor in 0.35 ms.
Unloading 45 Unused Serialized files (Serialized files now loaded: 0)
Unloading 45 unused Assets / (54.4 KB). Loaded Objects now: 4619.
Memory consumption went from 67.3 MB to 67.3 MB.
Total: 6.865000 ms (FindLiveObjects: 0.496200 ms CreateObjectMapping: 0.434700 ms MarkObjects: 5.800100 ms  DeleteObjects: 0.131700 ms)

AssetImportParameters requested are different than current active one (requested -> active):
  custom:video-decoder-ogg-theora: a1e56fd34408186e4bbccfd4996cb3dc -> 
  custom:container-muxer-webm: aa71ff27fc2769a1b78a27578f13a17b -> 
  custom:container-demuxer-webm: 4f35f7cbe854078d1ac9338744f61a02 -> 
  custom:video-encoder-webm-vp8: eb34c28f22e8b96e1ab97ce403110664 -> 
  custom:CustomObjectIndexerAttribute: bc11b3a6c3213fcdd17b65e7da85e133 -> 
  custom:audio-encoder-webm-vorbis: bf7c407c2cedff20999df2af8eb42d56 -> 
  custom:framework-win-MediaFoundation: 216162199b28c13a410421893ffa2e32 -> 
  custom:SearchIndexIgnoredProperties: e643bd26f0fe6173181afceb89e7c659 -> 
  custom:container-demuxer-ogg: 62fdf1f143b41e24485cea50d1cbac27 -> 
  custom:video-decoder-webm-vp8: 9c59270c3fd7afecdb556c50c9e8de78 -> 
  custom:audio-decoder-ogg-vorbis: bf7c407c2cedff20999df2af8eb42d56 -> 
========================================================================
Received Prepare
Registering precompiled user dll's ...
Registered in 0.030918 seconds.
Begin MonoManager ReloadAssembly
Symbol file LoadedFromMemory is not a mono symbol file
Native extension for WindowsStandalone target not found
Native extension for iOS target not found
Native extension for Android target not found
Refreshing native plugins compatible for Editor in 2.96 ms, found 6 plugins.
Preloading 2 native plugins for Editor in 0.76 ms.
[Package Manager] Server::EnsureServerProcessIsRunning -- launch failed, reason: Unity was launched with the -noUpm command-line argument
[Package Manager] Cannot connect to Unity Package Manager local server
[Package Manager] Server::EnsureServerProcessIsRunning -- launch failed, reason: Unity was launched with the -noUpm command-line argument
[Package Manager] Cannot connect to Unity Package Manager local server
[Package Manager] Server::EnsureServerProcessIsRunning -- launch failed, reason: Unity was launched with the -noUpm command-line argument
[Package Manager] Cannot connect to Unity Package Manager local server
Mono: successfully reloaded assembly
- Completed reload, in  5.193 seconds
Domain Reload Profiling:
	ReloadAssembly (5196ms)
		BeginReloadAssembly (874ms)
			ExecutionOrderSort (0ms)
			DisableScriptedObjects (30ms)
			BackupInstance (0ms)
			ReleaseScriptingObjects (0ms)
			CreateAndSetChildDomain (306ms)
		EndReloadAssembly (3711ms)
			LoadAssemblies (441ms)
			RebuildTransferFunctionScriptingTraits (0ms)
			SetupTypeCache (1121ms)
			ReleaseScriptCaches (3ms)
			RebuildScriptCaches (146ms)
			SetupLoadedEditorAssemblies (1902ms)
				LogAssemblyErrors (0ms)
				InitializePlatformSupportModulesInManaged (117ms)
				SetLoadedEditorAssemblies (1ms)
				RefreshPlugins (4ms)
				BeforeProcessingInitializeOnLoad (226ms)
				ProcessInitializeOnLoadAttributes (1455ms)
				ProcessInitializeOnLoadMethodAttributes (78ms)
				AfterProcessingInitializeOnLoad (20ms)
				EditorAssembliesLoaded (0ms)
			ExecutionOrderSort2 (0ms)
			AwakeInstancesAfterBackupRestoration (23ms)
Platform modules already initialized, skipping
Refreshing native plugins compatible for Editor in 1.84 ms, found 6 plugins.
Preloading 2 native plugins for Editor in 0.48 ms.
Unloading 3754 Unused Serialized files (Serialized files now loaded: 0)
Unloading 47 unused Assets / (54.4 KB). Loaded Objects now: 4621.
Memory consumption went from 141.6 MB to 141.6 MB.
Total: 14.477400 ms (FindLiveObjects: 0.697100 ms CreateObjectMapping: 0.640900 ms MarkObjects: 12.846000 ms  DeleteObjects: 0.290800 ms)

AssetImportParameters requested are different than current active one (requested -> active):
  custom:video-decoder-ogg-theora: a1e56fd34408186e4bbccfd4996cb3dc -> 
  custom:container-muxer-webm: aa71ff27fc2769a1b78a27578f13a17b -> 
  custom:container-demuxer-webm: 4f35f7cbe854078d1ac9338744f61a02 -> 
  custom:video-encoder-webm-vp8: eb34c28f22e8b96e1ab97ce403110664 -> 
  custom:CustomObjectIndexerAttribute: bc11b3a6c3213fcdd17b65e7da85e133 -> 
  custom:audio-encoder-webm-vorbis: bf7c407c2cedff20999df2af8eb42d56 -> 
  custom:framework-win-MediaFoundation: 216162199b28c13a410421893ffa2e32 -> 
  custom:SearchIndexIgnoredProperties: e643bd26f0fe6173181afceb89e7c659 -> 
  custom:container-demuxer-ogg: 62fdf1f143b41e24485cea50d1cbac27 -> 
  custom:video-decoder-webm-vp8: 9c59270c3fd7afecdb556c50c9e8de78 -> 
  custom:audio-decoder-ogg-vorbis: bf7c407c2cedff20999df2af8eb42d56 -> 
========================================================================
Received Import Request.
  Time since last request: 445.090018 seconds.
  path: Assets/Editor/Vuforia/ImageTargetTextures/FlashcardsDB/CarPrefabs/Materials/BrakeLights.mat
  artifactKey: Guid(4c0112ec1a09dd74da7ea335b4b5c9f2) Importer(815301076,1909f56bfc062723c751e8b465ee728b)
Number of updated assets reloaded before import = 0
Start importing Assets/Editor/Vuforia/ImageTargetTextures/FlashcardsDB/CarPrefabs/Materials/BrakeLights.mat using Guid(4c0112ec1a09dd74da7ea335b4b5c9f2) Importer(815301076,1909f56bfc062723c751e8b465ee728b)  -> (artifact id: '1d0e1b7a3abbe91d02071fc97675ea9b') in 0.496106 seconds 
Number of asset objects unloaded after import = 1
========================================================================
Received Import Request.
  Time since last request: 0.000106 seconds.
  path: Assets/Editor/Vuforia/ImageTargetTextures/FlashcardsDB/CarPrefabs/Materials/Parts.mat
  artifactKey: Guid(8a00f8dc1ef6b044384a808e5cadf1f1) Importer(815301076,1909f56bfc062723c751e8b465ee728b)
Number of updated assets reloaded before import = 0
Start importing Assets/Editor/Vuforia/ImageTargetTextures/FlashcardsDB/CarPrefabs/Materials/Parts.mat using Guid(8a00f8dc1ef6b044384a808e5cadf1f1) Importer(815301076,1909f56bfc062723c751e8b465ee728b)  -> (artifact id: '6a90bd9f29d9f41226010b3dfce1dd47') in 0.139903 seconds 
Number of asset objects unloaded after import = 2
========================================================================
Received Import Request.
  Time since last request: 0.000061 seconds.
  path: Assets/Editor/Vuforia/ImageTargetTextures/FlashcardsDB/CarPrefabs/Materials/ReverseLights.mat
  artifactKey: Guid(ead85cf220bed2e47aa1e1d53af0e0f5) Importer(815301076,1909f56bfc062723c751e8b465ee728b)
Number of updated assets reloaded before import = 0
Start importing Assets/Editor/Vuforia/ImageTargetTextures/FlashcardsDB/CarPrefabs/Materials/ReverseLights.mat using Guid(ead85cf220bed2e47aa1e1d53af0e0f5) Importer(815301076,1909f56bfc062723c751e8b465ee728b)  -> (artifact id: '52368e2cd84d526a5a9ddf541eac22e4') in 0.043723 seconds 
Number of asset objects unloaded after import = 1
========================================================================
Received Import Request.
  Time since last request: 0.000032 seconds.
  path: Assets/Editor/Vuforia/ImageTargetTextures/FlashcardsDB/CarPrefabs/Materials/Glass1.mat
  artifactKey: Guid(a14505dd71e5dea488631d1578e6c77e) Importer(815301076,1909f56bfc062723c751e8b465ee728b)
Number of updated assets reloaded before import = 0
Start importing Assets/Editor/Vuforia/ImageTargetTextures/FlashcardsDB/CarPrefabs/Materials/Glass1.mat using Guid(a14505dd71e5dea488631d1578e6c77e) Importer(815301076,1909f56bfc062723c751e8b465ee728b)  -> (artifact id: '400ca1dbd5a10b0bcfdb730d6154a2e1') in 0.031727 seconds 
Number of asset objects unloaded after import = 1
========================================================================
Received Import Request.
  Time since last request: 0.000029 seconds.
  path: Assets/Editor/Vuforia/ImageTargetTextures/FlashcardsDB/CarPrefabs/Materials/LeftIndicator.mat
  artifactKey: Guid(741410a92af005c46b9788b54ce6ff44) Importer(815301076,1909f56bfc062723c751e8b465ee728b)
Number of updated assets reloaded before import = 0
Start importing Assets/Editor/Vuforia/ImageTargetTextures/FlashcardsDB/CarPrefabs/Materials/LeftIndicator.mat using Guid(741410a92af005c46b9788b54ce6ff44) Importer(815301076,1909f56bfc062723c751e8b465ee728b)  -> (artifact id: '4e12193ac9f6bfcf8015c26f4ff6337c') in 0.039694 seconds 
Number of asset objects unloaded after import = 1
========================================================================
Received Import Request.
  Time since last request: 0.000032 seconds.
  path: Assets/Editor/Vuforia/ImageTargetTextures/FlashcardsDB/CarPrefabs/Materials/Ligths.mat
  artifactKey: Guid(00419afffff74684a826c0c523b4f73b) Importer(815301076,1909f56bfc062723c751e8b465ee728b)
Number of updated assets reloaded before import = 0
Start importing Assets/Editor/Vuforia/ImageTargetTextures/FlashcardsDB/CarPrefabs/Materials/Ligths.mat using Guid(00419afffff74684a826c0c523b4f73b) Importer(815301076,1909f56bfc062723c751e8b465ee728b)  -> (artifact id: '61ab32b9e1bd58005d44a213c3471298') in 0.047295 seconds 
Number of asset objects unloaded after import = 2
========================================================================
Received Import Request.
  Time since last request: 0.000034 seconds.
  path: Assets/Editor/Vuforia/ImageTargetTextures/FlashcardsDB/CarPrefabs/Materials/FrontLights.mat
  artifactKey: Guid(2605819cb45d8734baa3f028d2c24d71) Importer(815301076,1909f56bfc062723c751e8b465ee728b)
Number of updated assets reloaded before import = 0
Start importing Assets/Editor/Vuforia/ImageTargetTextures/FlashcardsDB/CarPrefabs/Materials/FrontLights.mat using Guid(2605819cb45d8734baa3f028d2c24d71) Importer(815301076,1909f56bfc062723c751e8b465ee728b)  -> (artifact id: '80b5c25141521711015b37f368dd29ed') in 0.041202 seconds 
Number of asset objects unloaded after import = 1
========================================================================
Received Import Request.
  Time since last request: 0.318269 seconds.
  path: Assets/Editor/Vuforia/ImageTargetTextures/FlashcardsDB/CarPrefabs/fbx.fbx
  artifactKey: Guid(9a91c5e887f917e419bfe9f63efe6056) Importer(815301076,1909f56bfc062723c751e8b465ee728b)
Number of updated assets reloaded before import = 0
Start importing Assets/Editor/Vuforia/ImageTargetTextures/FlashcardsDB/CarPrefabs/fbx.fbx using Guid(9a91c5e887f917e419bfe9f63efe6056) Importer(815301076,1909f56bfc062723c751e8b465ee728b)  -> (artifact id: 'da0fb7db24b25ef9d81f381062f1b81a') in 0.800183 seconds 
Number of asset objects unloaded after import = 126
========================================================================
Received Prepare
Registering precompiled user dll's ...
Registered in 0.015422 seconds.
Begin MonoManager ReloadAssembly
Symbol file LoadedFromMemory is not a mono symbol file
Native extension for WindowsStandalone target not found
Native extension for iOS target not found
Native extension for Android target not found
Refreshing native plugins compatible for Editor in 1.01 ms, found 6 plugins.
Preloading 2 native plugins for Editor in 0.32 ms.
[Package Manager] Server::EnsureServerProcessIsRunning -- launch failed, reason: Unity was launched with the -noUpm command-line argument
[Package Manager] Cannot connect to Unity Package Manager local server
[Package Manager] Server::EnsureServerProcessIsRunning -- launch failed, reason: Unity was launched with the -noUpm command-line argument
[Package Manager] Cannot connect to Unity Package Manager local server
Mono: successfully reloaded assembly
- Completed reload, in  2.353 seconds
Domain Reload Profiling:
	ReloadAssembly (2355ms)
		BeginReloadAssembly (246ms)
			ExecutionOrderSort (0ms)
			DisableScriptedObjects (7ms)
			BackupInstance (0ms)
			ReleaseScriptingObjects (0ms)
			CreateAndSetChildDomain (64ms)
		EndReloadAssembly (1942ms)
			LoadAssemblies (184ms)
			RebuildTransferFunctionScriptingTraits (0ms)
			SetupTypeCache (490ms)
			ReleaseScriptCaches (2ms)
			RebuildScriptCaches (57ms)
			SetupLoadedEditorAssemblies (1147ms)
				LogAssemblyErrors (0ms)
				InitializePlatformSupportModulesInManaged (51ms)
				SetLoadedEditorAssemblies (1ms)
				RefreshPlugins (1ms)
				BeforeProcessingInitializeOnLoad (112ms)
				ProcessInitializeOnLoadAttributes (922ms)
				ProcessInitializeOnLoadMethodAttributes (44ms)
				AfterProcessingInitializeOnLoad (16ms)
				EditorAssembliesLoaded (1ms)
			ExecutionOrderSort2 (0ms)
			AwakeInstancesAfterBackupRestoration (18ms)
Platform modules already initialized, skipping
Refreshing native plugins compatible for Editor in 2.50 ms, found 6 plugins.
Preloading 2 native plugins for Editor in 0.55 ms.
Unloading 3754 Unused Serialized files (Serialized files now loaded: 0)
Unloading 47 unused Assets / (54.6 KB). Loaded Objects now: 4624.
Memory consumption went from 141.7 MB to 141.7 MB.
Total: 14.944200 ms (FindLiveObjects: 1.427600 ms CreateObjectMapping: 1.081100 ms MarkObjects: 12.058700 ms  DeleteObjects: 0.368400 ms)

AssetImportParameters requested are different than current active one (requested -> active):
  custom:video-decoder-ogg-theora: a1e56fd34408186e4bbccfd4996cb3dc -> 
  custom:container-muxer-webm: aa71ff27fc2769a1b78a27578f13a17b -> 
  custom:container-demuxer-webm: 4f35f7cbe854078d1ac9338744f61a02 -> 
  custom:video-encoder-webm-vp8: eb34c28f22e8b96e1ab97ce403110664 -> 
  custom:CustomObjectIndexerAttribute: bc11b3a6c3213fcdd17b65e7da85e133 -> 
  custom:audio-encoder-webm-vorbis: bf7c407c2cedff20999df2af8eb42d56 -> 
  custom:framework-win-MediaFoundation: 216162199b28c13a410421893ffa2e32 -> 
  custom:SearchIndexIgnoredProperties: e643bd26f0fe6173181afceb89e7c659 -> 
  custom:container-demuxer-ogg: 62fdf1f143b41e24485cea50d1cbac27 -> 
  custom:video-decoder-webm-vp8: 9c59270c3fd7afecdb556c50c9e8de78 -> 
  custom:audio-decoder-ogg-vorbis: bf7c407c2cedff20999df2af8eb42d56 -> 
========================================================================
Received Prepare
Registering precompiled user dll's ...
Registered in 0.016256 seconds.
Begin MonoManager ReloadAssembly
Symbol file LoadedFromMemory is not a mono symbol file
Native extension for WindowsStandalone target not found
Native extension for iOS target not found
Native extension for Android target not found
Refreshing native plugins compatible for Editor in 1.04 ms, found 6 plugins.
Preloading 2 native plugins for Editor in 0.30 ms.
[Package Manager] Server::EnsureServerProcessIsRunning -- launch failed, reason: Unity was launched with the -noUpm command-line argument
[Package Manager] Cannot connect to Unity Package Manager local server
[Package Manager] Server::EnsureServerProcessIsRunning -- launch failed, reason: Unity was launched with the -noUpm command-line argument
[Package Manager] Cannot connect to Unity Package Manager local server
Mono: successfully reloaded assembly
- Completed reload, in  2.260 seconds
Domain Reload Profiling:
	ReloadAssembly (2261ms)
		BeginReloadAssembly (275ms)
			ExecutionOrderSort (0ms)
			DisableScriptedObjects (6ms)
			BackupInstance (0ms)
			ReleaseScriptingObjects (0ms)
			CreateAndSetChildDomain (69ms)
		EndReloadAssembly (1827ms)
			LoadAssemblies (199ms)
			RebuildTransferFunctionScriptingTraits (0ms)
			SetupTypeCache (488ms)
			ReleaseScriptCaches (2ms)
			RebuildScriptCaches (61ms)
			SetupLoadedEditorAssemblies (1067ms)
				LogAssemblyErrors (0ms)
				InitializePlatformSupportModulesInManaged (35ms)
				SetLoadedEditorAssemblies (1ms)
				RefreshPlugins (1ms)
				BeforeProcessingInitializeOnLoad (80ms)
				ProcessInitializeOnLoadAttributes (888ms)
				ProcessInitializeOnLoadMethodAttributes (50ms)
				AfterProcessingInitializeOnLoad (12ms)
				EditorAssembliesLoaded (0ms)
			ExecutionOrderSort2 (0ms)
			AwakeInstancesAfterBackupRestoration (13ms)
Platform modules already initialized, skipping
Refreshing native plugins compatible for Editor in 2.99 ms, found 6 plugins.
Preloading 2 native plugins for Editor in 0.57 ms.
Unloading 3754 Unused Serialized files (Serialized files now loaded: 0)
Unloading 47 unused Assets / (54.5 KB). Loaded Objects now: 4627.
Memory consumption went from 141.7 MB to 141.7 MB.
Total: 16.216900 ms (FindLiveObjects: 0.720400 ms CreateObjectMapping: 0.914300 ms MarkObjects: 14.467600 ms  DeleteObjects: 0.112700 ms)

AssetImportParameters requested are different than current active one (requested -> active):
  custom:video-decoder-ogg-theora: a1e56fd34408186e4bbccfd4996cb3dc -> 
  custom:container-muxer-webm: aa71ff27fc2769a1b78a27578f13a17b -> 
  custom:container-demuxer-webm: 4f35f7cbe854078d1ac9338744f61a02 -> 
  custom:video-encoder-webm-vp8: eb34c28f22e8b96e1ab97ce403110664 -> 
  custom:CustomObjectIndexerAttribute: bc11b3a6c3213fcdd17b65e7da85e133 -> 
  custom:audio-encoder-webm-vorbis: bf7c407c2cedff20999df2af8eb42d56 -> 
  custom:framework-win-MediaFoundation: 216162199b28c13a410421893ffa2e32 -> 
  custom:SearchIndexIgnoredProperties: e643bd26f0fe6173181afceb89e7c659 -> 
  custom:container-demuxer-ogg: 62fdf1f143b41e24485cea50d1cbac27 -> 
  custom:video-decoder-webm-vp8: 9c59270c3fd7afecdb556c50c9e8de78 -> 
  custom:audio-decoder-ogg-vorbis: bf7c407c2cedff20999df2af8eb42d56 -> 
========================================================================
Received Import Request.
  Time since last request: 185.360570 seconds.
  path: Assets/Editor/Vuforia/ImageTargetTextures/FlashcardsDB/FruitPrefabs/apple.prefab
  artifactKey: Guid(868bcf04abca30f4e9a5b5c7c9791ae3) Importer(815301076,1909f56bfc062723c751e8b465ee728b)
Number of updated assets reloaded before import = 0
Start importing Assets/Editor/Vuforia/ImageTargetTextures/FlashcardsDB/FruitPrefabs/apple.prefab using Guid(868bcf04abca30f4e9a5b5c7c9791ae3) Importer(815301076,1909f56bfc062723c751e8b465ee728b)  -> (artifact id: 'a2bdde3f1dff5e6da817a3e284382af1') in 0.273825 seconds 
Number of asset objects unloaded after import = 15
========================================================================
Received Import Request.
  Time since last request: 0.000083 seconds.
  path: Assets/Editor/Vuforia/ImageTargetTextures/FlashcardsDB/FruitPrefabs/grapes.prefab
  artifactKey: Guid(406340e6a766ff644b2d687f94d3e4c7) Importer(815301076,1909f56bfc062723c751e8b465ee728b)
Number of updated assets reloaded before import = 0
Start importing Assets/Editor/Vuforia/ImageTargetTextures/FlashcardsDB/FruitPrefabs/grapes.prefab using Guid(406340e6a766ff644b2d687f94d3e4c7) Importer(815301076,1909f56bfc062723c751e8b465ee728b)  -> (artifact id: '1e89e8a60e12c376827f20dda7dc8cf9') in 0.130368 seconds 
Number of asset objects unloaded after import = 15
========================================================================
Received Import Request.
  Time since last request: 0.000066 seconds.
  path: Assets/Editor/Vuforia/ImageTargetTextures/FlashcardsDB/FruitPrefabs/orange.prefab
  artifactKey: Guid(c5019181ae7f4d140a8e5395e62b1e8e) Importer(815301076,1909f56bfc062723c751e8b465ee728b)
Number of updated assets reloaded before import = 0
Start importing Assets/Editor/Vuforia/ImageTargetTextures/FlashcardsDB/FruitPrefabs/orange.prefab using Guid(c5019181ae7f4d140a8e5395e62b1e8e) Importer(815301076,1909f56bfc062723c751e8b465ee728b)  -> (artifact id: 'f4f7e24b8e2ae8b4ba6aa224d8d897d1') in 0.100296 seconds 
Number of asset objects unloaded after import = 15
========================================================================
Received Import Request.
  Time since last request: 0.000045 seconds.
  path: Assets/Editor/Vuforia/ImageTargetTextures/FlashcardsDB/FruitPrefabs/grapesGreenMP.prefab
  artifactKey: Guid(41f2f4b824673e54fbd6fdc662d6b40d) Importer(815301076,1909f56bfc062723c751e8b465ee728b)
Number of updated assets reloaded before import = 0
Start importing Assets/Editor/Vuforia/ImageTargetTextures/FlashcardsDB/FruitPrefabs/grapesGreenMP.prefab using Guid(41f2f4b824673e54fbd6fdc662d6b40d) Importer(815301076,1909f56bfc062723c751e8b465ee728b)  -> (artifact id: 'a48284dc05a2d2630ef24a8f15f2ddf8') in 0.184353 seconds 
Number of asset objects unloaded after import = 17
========================================================================
Received Import Request.
  Time since last request: 0.000176 seconds.
  path: Assets/Editor/Vuforia/ImageTargetTextures/FlashcardsDB/FruitPrefabs/mangoWithLeaf.prefab
  artifactKey: Guid(6ee90fa9929fc4648ac1915d84891dbb) Importer(815301076,1909f56bfc062723c751e8b465ee728b)
Number of updated assets reloaded before import = 0
Start importing Assets/Editor/Vuforia/ImageTargetTextures/FlashcardsDB/FruitPrefabs/mangoWithLeaf.prefab using Guid(6ee90fa9929fc4648ac1915d84891dbb) Importer(815301076,1909f56bfc062723c751e8b465ee728b)  -> (artifact id: '3df38948452599bb70285dfb39566611') in 0.087231 seconds 
Number of asset objects unloaded after import = 15
========================================================================
Received Import Request.
  Time since last request: 0.000057 seconds.
  path: Assets/Editor/Vuforia/ImageTargetTextures/FlashcardsDB/FruitPrefabs/dragonfruit.prefab
  artifactKey: Guid(a1e39fe0a7f01934bab30f3b0194a5d0) Importer(815301076,1909f56bfc062723c751e8b465ee728b)
Number of updated assets reloaded before import = 0
Start importing Assets/Editor/Vuforia/ImageTargetTextures/FlashcardsDB/FruitPrefabs/dragonfruit.prefab using Guid(a1e39fe0a7f01934bab30f3b0194a5d0) Importer(815301076,1909f56bfc062723c751e8b465ee728b)  -> (artifact id: '8b4d599ba74260048f33905449768880') in 0.074934 seconds 
Number of asset objects unloaded after import = 15
========================================================================
Received Import Request.
  Time since last request: 0.000057 seconds.
  path: Assets/Editor/Vuforia/ImageTargetTextures/FlashcardsDB/FruitPrefabs/peachWithLeaf.prefab
  artifactKey: Guid(bd26df19d41d8914b89d626bd395f1b4) Importer(815301076,1909f56bfc062723c751e8b465ee728b)
Number of updated assets reloaded before import = 0
Start importing Assets/Editor/Vuforia/ImageTargetTextures/FlashcardsDB/FruitPrefabs/peachWithLeaf.prefab using Guid(bd26df19d41d8914b89d626bd395f1b4) Importer(815301076,1909f56bfc062723c751e8b465ee728b)  -> (artifact id: '295f768864a62e6601fda1e0f4a488b0') in 0.089373 seconds 
Number of asset objects unloaded after import = 15
========================================================================
Received Import Request.
  Time since last request: 0.000053 seconds.
  path: Assets/Editor/Vuforia/ImageTargetTextures/FlashcardsDB/FruitPrefabs/cherry.prefab
  artifactKey: Guid(d3a17f7419c7a514cb30dbcab493fa3c) Importer(815301076,1909f56bfc062723c751e8b465ee728b)
Number of updated assets reloaded before import = 0
Start importing Assets/Editor/Vuforia/ImageTargetTextures/FlashcardsDB/FruitPrefabs/cherry.prefab using Guid(d3a17f7419c7a514cb30dbcab493fa3c) Importer(815301076,1909f56bfc062723c751e8b465ee728b)  -> (artifact id: '2f21cd44d72e4aece7f0443f5849fc37') in 0.090632 seconds 
Number of asset objects unloaded after import = 15
========================================================================
Received Prepare
Registering precompiled user dll's ...
Registered in 0.018508 seconds.
Begin MonoManager ReloadAssembly
Symbol file LoadedFromMemory is not a mono symbol file
Native extension for WindowsStandalone target not found
Native extension for iOS target not found
Native extension for Android target not found
Refreshing native plugins compatible for Editor in 0.91 ms, found 6 plugins.
Preloading 2 native plugins for Editor in 0.29 ms.
[Package Manager] Server::EnsureServerProcessIsRunning -- launch failed, reason: Unity was launched with the -noUpm command-line argument
[Package Manager] Cannot connect to Unity Package Manager local server
[Package Manager] Server::EnsureServerProcessIsRunning -- launch failed, reason: Unity was launched with the -noUpm command-line argument
[Package Manager] Cannot connect to Unity Package Manager local server
Mono: successfully reloaded assembly
- Completed reload, in  2.388 seconds
Domain Reload Profiling:
	ReloadAssembly (2389ms)
		BeginReloadAssembly (315ms)
			ExecutionOrderSort (0ms)
			DisableScriptedObjects (8ms)
			BackupInstance (0ms)
			ReleaseScriptingObjects (0ms)
			CreateAndSetChildDomain (100ms)
		EndReloadAssembly (1898ms)
			LoadAssemblies (206ms)
			RebuildTransferFunctionScriptingTraits (0ms)
			SetupTypeCache (504ms)
			ReleaseScriptCaches (1ms)
			RebuildScriptCaches (64ms)
			SetupLoadedEditorAssemblies (1086ms)
				LogAssemblyErrors (0ms)
				InitializePlatformSupportModulesInManaged (35ms)
				SetLoadedEditorAssemblies (1ms)
				RefreshPlugins (1ms)
				BeforeProcessingInitializeOnLoad (78ms)
				ProcessInitializeOnLoadAttributes (900ms)
				ProcessInitializeOnLoadMethodAttributes (48ms)
				AfterProcessingInitializeOnLoad (23ms)
				EditorAssembliesLoaded (0ms)
			ExecutionOrderSort2 (0ms)
			AwakeInstancesAfterBackupRestoration (24ms)
Platform modules already initialized, skipping
Refreshing native plugins compatible for Editor in 1.35 ms, found 6 plugins.
Preloading 2 native plugins for Editor in 0.47 ms.
Unloading 3754 Unused Serialized files (Serialized files now loaded: 0)
Unloading 47 unused Assets / (54.5 KB). Loaded Objects now: 4630.
Memory consumption went from 141.7 MB to 141.7 MB.
Total: 11.421600 ms (FindLiveObjects: 0.743000 ms CreateObjectMapping: 0.990600 ms MarkObjects: 9.353800 ms  DeleteObjects: 0.331300 ms)

AssetImportParameters requested are different than current active one (requested -> active):
  custom:video-decoder-ogg-theora: a1e56fd34408186e4bbccfd4996cb3dc -> 
  custom:container-muxer-webm: aa71ff27fc2769a1b78a27578f13a17b -> 
  custom:container-demuxer-webm: 4f35f7cbe854078d1ac9338744f61a02 -> 
  custom:video-encoder-webm-vp8: eb34c28f22e8b96e1ab97ce403110664 -> 
  custom:CustomObjectIndexerAttribute: bc11b3a6c3213fcdd17b65e7da85e133 -> 
  custom:audio-encoder-webm-vorbis: bf7c407c2cedff20999df2af8eb42d56 -> 
  custom:framework-win-MediaFoundation: 216162199b28c13a410421893ffa2e32 -> 
  custom:SearchIndexIgnoredProperties: e643bd26f0fe6173181afceb89e7c659 -> 
  custom:container-demuxer-ogg: 62fdf1f143b41e24485cea50d1cbac27 -> 
  custom:video-decoder-webm-vp8: 9c59270c3fd7afecdb556c50c9e8de78 -> 
  custom:audio-decoder-ogg-vorbis: bf7c407c2cedff20999df2af8eb42d56 -> 
========================================================================
Received Import Request.
  Time since last request: 77.135703 seconds.
  path: Assets/EarthMat.mat
  artifactKey: Guid(6d6f3a28178f9bf4fb20c9aada2d9af2) Importer(815301076,1909f56bfc062723c751e8b465ee728b)
Number of updated assets reloaded before import = 0
Start importing Assets/EarthMat.mat using Guid(6d6f3a28178f9bf4fb20c9aada2d9af2) Importer(815301076,1909f56bfc062723c751e8b465ee728b)  -> (artifact id: 'ba55b978b4470743e370d5d942e5662a') in 1.379530 seconds 
Number of asset objects unloaded after import = 2
========================================================================
Received Import Request.
  Time since last request: 151.600221 seconds.
  path: Assets/EarthRendering Free/Earth_color_shadow.png
  artifactKey: Guid(521c473bd713eff468f556acaf453a9c) Importer(815301076,1909f56bfc062723c751e8b465ee728b)
Number of updated assets reloaded before import = 0
Start importing Assets/EarthRendering Free/Earth_color_shadow.png using Guid(521c473bd713eff468f556acaf453a9c) Importer(815301076,1909f56bfc062723c751e8b465ee728b)  -> (artifact id: '7068b8e49c13b1c821ecfcc75f50eef0') in 2.013877 seconds 
Number of asset objects unloaded after import = 2
========================================================================
Received Import Request.
  Time since last request: 0.000161 seconds.
  path: Assets/EarthRendering Free/GalaxyFt.png
  artifactKey: Guid(8e3045808f7b0a948a09407e6444c409) Importer(815301076,1909f56bfc062723c751e8b465ee728b)
Number of updated assets reloaded before import = 0
Start importing Assets/EarthRendering Free/GalaxyFt.png using Guid(8e3045808f7b0a948a09407e6444c409) Importer(815301076,1909f56bfc062723c751e8b465ee728b)  -> (artifact id: '67aef0b948efa24b4c518054fdb111f3') in 0.211345 seconds 
Number of asset objects unloaded after import = 2
========================================================================
Received Import Request.
  Time since last request: 0.000214 seconds.
  path: Assets/EarthRendering Free/GalaxyLf.png
  artifactKey: Guid(e6b46ac6904df754db186b02cfbe5cb0) Importer(815301076,1909f56bfc062723c751e8b465ee728b)
Number of updated assets reloaded before import = 0
Start importing Assets/EarthRendering Free/GalaxyLf.png using Guid(e6b46ac6904df754db186b02cfbe5cb0) Importer(815301076,1909f56bfc062723c751e8b465ee728b)  -> (artifact id: '9b481d04ba4fbc6d976475db80dab8f2') in 0.283267 seconds 
Number of asset objects unloaded after import = 2
========================================================================
Received Import Request.
  Time since last request: 0.000051 seconds.
  path: Assets/EarthRendering Free/GalaxyUp.png
  artifactKey: Guid(fa25bb3f105f37d4e910f097214dddeb) Importer(815301076,1909f56bfc062723c751e8b465ee728b)
Number of updated assets reloaded before import = 0
Start importing Assets/EarthRendering Free/GalaxyUp.png using Guid(fa25bb3f105f37d4e910f097214dddeb) Importer(815301076,1909f56bfc062723c751e8b465ee728b)  -> (artifact id: '324e923c37298cf347864aa0143b0ef0') in 0.163633 seconds 
Number of asset objects unloaded after import = 2
========================================================================
Received Import Request.
  Time since last request: 0.000065 seconds.
  path: Assets/EarthRendering Free/GalaxyDn.png
  artifactKey: Guid(fdf31b6f6ab8adc4daf82b9c54fc7b7f) Importer(815301076,1909f56bfc062723c751e8b465ee728b)
Number of updated assets reloaded before import = 0
Start importing Assets/EarthRendering Free/GalaxyDn.png using Guid(fdf31b6f6ab8adc4daf82b9c54fc7b7f) Importer(815301076,1909f56bfc062723c751e8b465ee728b)  -> (artifact id: '697d9f7525542ad4e0b4b92965c056cf') in 0.089950 seconds 
Number of asset objects unloaded after import = 2
========================================================================
Received Import Request.
  Time since last request: 0.000051 seconds.
  path: Assets/EarthRendering Free/GalaxyRt.png
  artifactKey: Guid(c65e56d00ec8dba4ab1bc98d84281fea) Importer(815301076,1909f56bfc062723c751e8b465ee728b)
Number of updated assets reloaded before import = 0
Start importing Assets/EarthRendering Free/GalaxyRt.png using Guid(c65e56d00ec8dba4ab1bc98d84281fea) Importer(815301076,1909f56bfc062723c751e8b465ee728b)  -> (artifact id: '70ff20bc471ea8c2d01687f316f87c0c') in 0.097959 seconds 
Number of asset objects unloaded after import = 2
========================================================================
Received Import Request.
  Time since last request: 0.000043 seconds.
  path: Assets/EarthRendering Free/GalaxyBk.png
  artifactKey: Guid(3fb7356430831554e82b62b4f9f2f7cb) Importer(815301076,1909f56bfc062723c751e8b465ee728b)
Number of updated assets reloaded before import = 0
Start importing Assets/EarthRendering Free/GalaxyBk.png using Guid(3fb7356430831554e82b62b4f9f2f7cb) Importer(815301076,1909f56bfc062723c751e8b465ee728b)  -> (artifact id: '223a49d2a4ba80d038fa4f96db41ee86') in 0.071525 seconds 
Number of asset objects unloaded after import = 2
========================================================================
Received Prepare
Registering precompiled user dll's ...
Registered in 0.015206 seconds.
Begin MonoManager ReloadAssembly
Symbol file LoadedFromMemory is not a mono symbol file
Native extension for WindowsStandalone target not found
Native extension for iOS target not found
Native extension for Android target not found
Refreshing native plugins compatible for Editor in 1.02 ms, found 6 plugins.
Preloading 2 native plugins for Editor in 0.46 ms.
[Package Manager] Server::EnsureServerProcessIsRunning -- launch failed, reason: Unity was launched with the -noUpm command-line argument
[Package Manager] Cannot connect to Unity Package Manager local server
[Package Manager] Server::EnsureServerProcessIsRunning -- launch failed, reason: Unity was launched with the -noUpm command-line argument
[Package Manager] Cannot connect to Unity Package Manager local server
Mono: successfully reloaded assembly
- Completed reload, in  2.845 seconds
Domain Reload Profiling:
	ReloadAssembly (2848ms)
		BeginReloadAssembly (279ms)
			ExecutionOrderSort (0ms)
			DisableScriptedObjects (13ms)
			BackupInstance (0ms)
			ReleaseScriptingObjects (0ms)
			CreateAndSetChildDomain (78ms)
		EndReloadAssembly (2388ms)
			LoadAssemblies (172ms)
			RebuildTransferFunctionScriptingTraits (0ms)
			SetupTypeCache (531ms)
			ReleaseScriptCaches (2ms)
			RebuildScriptCaches (71ms)
			SetupLoadedEditorAssemblies (1534ms)
				LogAssemblyErrors (0ms)
				InitializePlatformSupportModulesInManaged (40ms)
				SetLoadedEditorAssemblies (1ms)
				RefreshPlugins (2ms)
				BeforeProcessingInitializeOnLoad (109ms)
				ProcessInitializeOnLoadAttributes (1284ms)
				ProcessInitializeOnLoadMethodAttributes (77ms)
				AfterProcessingInitializeOnLoad (21ms)
				EditorAssembliesLoaded (1ms)
			ExecutionOrderSort2 (0ms)
			AwakeInstancesAfterBackupRestoration (21ms)
Platform modules already initialized, skipping
Refreshing native plugins compatible for Editor in 2.48 ms, found 6 plugins.
Preloading 2 native plugins for Editor in 0.65 ms.
Unloading 3754 Unused Serialized files (Serialized files now loaded: 0)
Unloading 47 unused Assets / (54.5 KB). Loaded Objects now: 4633.
Memory consumption went from 141.8 MB to 141.7 MB.
Total: 11.080500 ms (FindLiveObjects: 0.966600 ms CreateObjectMapping: 1.206400 ms MarkObjects: 8.785600 ms  DeleteObjects: 0.119700 ms)

AssetImportParameters requested are different than current active one (requested -> active):
  custom:video-decoder-ogg-theora: a1e56fd34408186e4bbccfd4996cb3dc -> 
  custom:container-muxer-webm: aa71ff27fc2769a1b78a27578f13a17b -> 
  custom:container-demuxer-webm: 4f35f7cbe854078d1ac9338744f61a02 -> 
  custom:video-encoder-webm-vp8: eb34c28f22e8b96e1ab97ce403110664 -> 
  custom:CustomObjectIndexerAttribute: bc11b3a6c3213fcdd17b65e7da85e133 -> 
  custom:audio-encoder-webm-vorbis: bf7c407c2cedff20999df2af8eb42d56 -> 
  custom:framework-win-MediaFoundation: 216162199b28c13a410421893ffa2e32 -> 
  custom:SearchIndexIgnoredProperties: e643bd26f0fe6173181afceb89e7c659 -> 
  custom:container-demuxer-ogg: 62fdf1f143b41e24485cea50d1cbac27 -> 
  custom:video-decoder-webm-vp8: 9c59270c3fd7afecdb556c50c9e8de78 -> 
  custom:audio-decoder-ogg-vorbis: bf7c407c2cedff20999df2af8eb42d56 -> 
========================================================================
Received Prepare
Registering precompiled user dll's ...
Registered in 0.013698 seconds.
Begin MonoManager ReloadAssembly
Symbol file LoadedFromMemory is not a mono symbol file
Native extension for WindowsStandalone target not found
Native extension for iOS target not found
Native extension for Android target not found
Refreshing native plugins compatible for Editor in 0.97 ms, found 6 plugins.
Preloading 2 native plugins for Editor in 0.33 ms.
[Package Manager] Server::EnsureServerProcessIsRunning -- launch failed, reason: Unity was launched with the -noUpm command-line argument
[Package Manager] Cannot connect to Unity Package Manager local server
[Package Manager] Server::EnsureServerProcessIsRunning -- launch failed, reason: Unity was launched with the -noUpm command-line argument
[Package Manager] Cannot connect to Unity Package Manager local server
Mono: successfully reloaded assembly
- Completed reload, in  2.296 seconds
Domain Reload Profiling:
	ReloadAssembly (2297ms)
		BeginReloadAssembly (284ms)
			ExecutionOrderSort (0ms)
			DisableScriptedObjects (6ms)
			BackupInstance (0ms)
			ReleaseScriptingObjects (0ms)
			CreateAndSetChildDomain (66ms)
		EndReloadAssembly (1849ms)
			LoadAssemblies (229ms)
			RebuildTransferFunctionScriptingTraits (0ms)
			SetupTypeCache (488ms)
			ReleaseScriptCaches (2ms)
			RebuildScriptCaches (63ms)
			SetupLoadedEditorAssemblies (1077ms)
				LogAssemblyErrors (0ms)
				InitializePlatformSupportModulesInManaged (36ms)
				SetLoadedEditorAssemblies (1ms)
				RefreshPlugins (1ms)
				BeforeProcessingInitializeOnLoad (85ms)
				ProcessInitializeOnLoadAttributes (904ms)
				ProcessInitializeOnLoadMethodAttributes (39ms)
				AfterProcessingInitializeOnLoad (11ms)
				EditorAssembliesLoaded (0ms)
			ExecutionOrderSort2 (0ms)
			AwakeInstancesAfterBackupRestoration (12ms)
Platform modules already initialized, skipping
Refreshing native plugins compatible for Editor in 2.12 ms, found 6 plugins.
Preloading 2 native plugins for Editor in 0.51 ms.
Unloading 3754 Unused Serialized files (Serialized files now loaded: 0)
Unloading 47 unused Assets / (54.5 KB). Loaded Objects now: 4636.
Memory consumption went from 141.8 MB to 141.7 MB.
Total: 10.389100 ms (FindLiveObjects: 0.811700 ms CreateObjectMapping: 1.140800 ms MarkObjects: 8.138700 ms  DeleteObjects: 0.295500 ms)

AssetImportParameters requested are different than current active one (requested -> active):
  custom:video-decoder-ogg-theora: a1e56fd34408186e4bbccfd4996cb3dc -> 
  custom:container-muxer-webm: aa71ff27fc2769a1b78a27578f13a17b -> 
  custom:container-demuxer-webm: 4f35f7cbe854078d1ac9338744f61a02 -> 
  custom:video-encoder-webm-vp8: eb34c28f22e8b96e1ab97ce403110664 -> 
  custom:CustomObjectIndexerAttribute: bc11b3a6c3213fcdd17b65e7da85e133 -> 
  custom:audio-encoder-webm-vorbis: bf7c407c2cedff20999df2af8eb42d56 -> 
  custom:framework-win-MediaFoundation: 216162199b28c13a410421893ffa2e32 -> 
  custom:SearchIndexIgnoredProperties: e643bd26f0fe6173181afceb89e7c659 -> 
  custom:container-demuxer-ogg: 62fdf1f143b41e24485cea50d1cbac27 -> 
  custom:video-decoder-webm-vp8: 9c59270c3fd7afecdb556c50c9e8de78 -> 
  custom:audio-decoder-ogg-vorbis: bf7c407c2cedff20999df2af8eb42d56 -> 
========================================================================
Received Prepare
Registering precompiled user dll's ...
Registered in 0.016489 seconds.
Begin MonoManager ReloadAssembly
Symbol file LoadedFromMemory is not a mono symbol file
Native extension for WindowsStandalone target not found
Native extension for iOS target not found
Native extension for Android target not found
Refreshing native plugins compatible for Editor in 0.97 ms, found 6 plugins.
Preloading 2 native plugins for Editor in 0.26 ms.
[Package Manager] Server::EnsureServerProcessIsRunning -- launch failed, reason: Unity was launched with the -noUpm command-line argument
[Package Manager] Cannot connect to Unity Package Manager local server
[Package Manager] Server::EnsureServerProcessIsRunning -- launch failed, reason: Unity was launched with the -noUpm command-line argument
[Package Manager] Cannot connect to Unity Package Manager local server
Mono: successfully reloaded assembly
- Completed reload, in  2.282 seconds
Domain Reload Profiling:
	ReloadAssembly (2283ms)
		BeginReloadAssembly (290ms)
			ExecutionOrderSort (0ms)
			DisableScriptedObjects (6ms)
			BackupInstance (0ms)
			ReleaseScriptingObjects (0ms)
			CreateAndSetChildDomain (73ms)
		EndReloadAssembly (1828ms)
			LoadAssemblies (199ms)
			RebuildTransferFunctionScriptingTraits (0ms)
			SetupTypeCache (479ms)
			ReleaseScriptCaches (2ms)
			RebuildScriptCaches (76ms)
			SetupLoadedEditorAssemblies (1069ms)
				LogAssemblyErrors (0ms)
				InitializePlatformSupportModulesInManaged (35ms)
				SetLoadedEditorAssemblies (1ms)
				RefreshPlugins (1ms)
				BeforeProcessingInitializeOnLoad (86ms)
				ProcessInitializeOnLoadAttributes (889ms)
				ProcessInitializeOnLoadMethodAttributes (45ms)
				AfterProcessingInitializeOnLoad (11ms)
				EditorAssembliesLoaded (0ms)
			ExecutionOrderSort2 (0ms)
			AwakeInstancesAfterBackupRestoration (11ms)
Platform modules already initialized, skipping
Refreshing native plugins compatible for Editor in 3.90 ms, found 6 plugins.
Preloading 2 native plugins for Editor in 0.46 ms.
Unloading 3754 Unused Serialized files (Serialized files now loaded: 0)
Unloading 47 unused Assets / (54.6 KB). Loaded Objects now: 4639.
Memory consumption went from 141.8 MB to 141.7 MB.
Total: 6.941500 ms (FindLiveObjects: 0.725900 ms CreateObjectMapping: 0.457500 ms MarkObjects: 5.587700 ms  DeleteObjects: 0.168300 ms)

AssetImportParameters requested are different than current active one (requested -> active):
  custom:video-decoder-ogg-theora: a1e56fd34408186e4bbccfd4996cb3dc -> 
  custom:container-muxer-webm: aa71ff27fc2769a1b78a27578f13a17b -> 
  custom:container-demuxer-webm: 4f35f7cbe854078d1ac9338744f61a02 -> 
  custom:video-encoder-webm-vp8: eb34c28f22e8b96e1ab97ce403110664 -> 
  custom:CustomObjectIndexerAttribute: bc11b3a6c3213fcdd17b65e7da85e133 -> 
  custom:audio-encoder-webm-vorbis: bf7c407c2cedff20999df2af8eb42d56 -> 
  custom:framework-win-MediaFoundation: 216162199b28c13a410421893ffa2e32 -> 
  custom:SearchIndexIgnoredProperties: e643bd26f0fe6173181afceb89e7c659 -> 
  custom:container-demuxer-ogg: 62fdf1f143b41e24485cea50d1cbac27 -> 
  custom:video-decoder-webm-vp8: 9c59270c3fd7afecdb556c50c9e8de78 -> 
  custom:audio-decoder-ogg-vorbis: bf7c407c2cedff20999df2af8eb42d56 -> 
